<?xml version="1.0" encoding="UTF-8"?>
<testsuite name="ComputerRepairRequestTest" tests="2" skipped="0" failures="0" errors="0" timestamp="2025-03-04T06:32:42" hostname="CODRINMIEL" time="0.035">
  <properties/>
  <testcase name="FirstTest" classname="ComputerRepairRequestTest" time="0.03"/>
  <testcase name="TestExemplu" classname="ComputerRepairRequestTest" time="0.002"/>
  <system-out><![CDATA[]]></system-out>
  <system-err><![CDATA[]]></system-err>
</testsuite>
